<?xml version="1.0" encoding="UTF-8"?>
<!-- Generated by org.testng.reporters.JUnitXMLReporter -->
<testsuite hostname="DESKTOP-BBVUMN9" ignored="0" name="smoke" tests="4" failures="0" timestamp="07 九月 2017 11:43:42 GMT" time="4.885" errors="0">
  <testcase name="test1" time="0.001" classname="springbootlearn.Test1"/>
  <testcase name="test2" time="0.001" classname="springbootlearn.Test1"/>
  <testcase name="test1" time="0.001" classname="springbootlearn.Test2"/>
  <testcase name="test2" time="0.001" classname="springbootlearn.Test2"/>
</testsuite> <!-- smoke -->
